

[INFO ] 2018-03-07 01:28:33,176 method:org.springframework.web.servlet.FrameworkServlet.initServletBean(FrameworkServlet.java:489)
FrameworkServlet 'e3-search-web': initialization started


[INFO ] 2018-03-07 01:28:33,247 method:org.springframework.context.support.AbstractApplicationContext.prepareRefresh(AbstractApplicationContext.java:578)
Refreshing WebApplicationContext for namespace 'e3-search-web-servlet': startup date [Wed Mar 07 01:28:33 CST 2018]; root of context hierarchy


[INFO ] 2018-03-07 01:28:33,344 method:org.springframework.beans.factory.xml.XmlBeanDefinitionReader.loadBeanDefinitions(XmlBeanDefinitionReader.java:317)
Loading XML bean definitions from class path resource [spring/springmvc.xml]


[INFO ] 2018-03-07 01:28:35,116 method:
using logger: com.alibaba.dubbo.common.logger.log4j.Log4jLoggerAdapter


[INFO ] 2018-03-07 01:28:35,390 method:org.springframework.core.io.support.PropertiesLoaderSupport.loadProperties(PropertiesLoaderSupport.java:172)
Loading properties file from class path resource [conf/resource.properties]


[INFO ] 2018-03-07 01:28:35,398 method:org.springframework.beans.factory.annotation.AutowiredAnnotationBeanPostProcessor.<init>(AutowiredAnnotationBeanPostProcessor.java:153)
JSR-330 'javax.inject.Inject' annotation found and supported for autowiring


[INFO ] 2018-03-07 01:28:36,740 method:com.alibaba.dubbo.registry.support.AbstractRegistry.loadProperties(AbstractRegistry.java:232)
 [DUBBO] Load registry store file C:\Users\Administrator\.dubbo\dubbo-registry-192.168.25.128.cache, data: {cn.e3mall.content.service.ContentCategoryService=empty://192.168.0.2/cn.e3mall.content.service.ContentCategoryService?application=e3-manager-web&category=configurators&dubbo=2.5.3&interface=cn.e3mall.content.service.ContentCategoryService&methods=addContentCategory,deleteContentCategory,updateContentCategory,getContentCatList&pid=33808&revision=0.0.1-SNAPSHOT&side=consumer&timestamp=1520356730357 empty://192.168.0.2/cn.e3mall.content.service.ContentCategoryService?application=e3-manager-web&category=routers&dubbo=2.5.3&interface=cn.e3mall.content.service.ContentCategoryService&methods=addContentCategory,deleteContentCategory,updateContentCategory,getContentCatList&pid=33808&revision=0.0.1-SNAPSHOT&side=consumer&timestamp=1520356730357 dubbo://192.168.0.2:20881/cn.e3mall.content.service.ContentCategoryService?anyhost=true&application=e3-manager&dubbo=2.5.3&interface=cn.e3mall.content.service.ContentCategoryService&methods=addContentCategory,deleteContentCategory,updateContentCategory,getContentCatList&pid=32736&side=provider&timestamp=1520356608858, cn.e3mall.content.service.ContentService=empty://192.168.0.2/cn.e3mall.content.service.ContentService?application=e3-manager-web&category=configurators&dubbo=2.5.3&interface=cn.e3mall.content.service.ContentService&methods=getContentListByCid,addContent&pid=33808&revision=0.0.1-SNAPSHOT&side=consumer&timestamp=1520356739788 empty://192.168.0.2/cn.e3mall.content.service.ContentService?application=e3-manager-web&category=routers&dubbo=2.5.3&interface=cn.e3mall.content.service.ContentService&methods=getContentListByCid,addContent&pid=33808&revision=0.0.1-SNAPSHOT&side=consumer&timestamp=1520356739788 dubbo://192.168.0.2:20881/cn.e3mall.content.service.ContentService?anyhost=true&application=e3-manager&dubbo=2.5.3&interface=cn.e3mall.content.service.ContentService&methods=getContentListByCid,addContent&pid=32736&side=provider&timestamp=1520356612219, cn.e3mall.search.service.SearchItemService=empty://192.168.0.2:20882/cn.e3mall.search.service.SearchItemService?anyhost=true&application=e3-search&category=configurators&check=false&dubbo=2.5.3&interface=cn.e3mall.search.service.SearchItemService&methods=importAllItems&pid=36444&side=provider&timeout=600000&timestamp=1520357231202, cn.e3mall.service.ItemService=empty://192.168.0.2/cn.e3mall.service.ItemService?application=e3-manager-web&category=configurators&dubbo=2.5.3&interface=cn.e3mall.service.ItemService&methods=addItem,getItemList,updateTbItem,getTbItemDesc,getItemById&pid=33808&revision=0.0.1-SNAPSHOT&side=consumer&timestamp=1520356744402 empty://192.168.0.2/cn.e3mall.service.ItemService?application=e3-manager-web&category=routers&dubbo=2.5.3&interface=cn.e3mall.service.ItemService&methods=addItem,getItemList,updateTbItem,getTbItemDesc,getItemById&pid=33808&revision=0.0.1-SNAPSHOT&side=consumer&timestamp=1520356744402 dubbo://192.168.0.2:20880/cn.e3mall.service.ItemService?anyhost=true&application=e3-manager&dubbo=2.5.3&interface=cn.e3mall.service.ItemService&methods=addItem,getItemList,updateTbItem,getTbItemDesc,getItemById&pid=33864&side=provider&timestamp=1520356665167, cn.e3mall.service.ItemCatService=empty://192.168.0.2/cn.e3mall.service.ItemCatService?application=e3-manager-web&category=configurators&dubbo=2.5.3&interface=cn.e3mall.service.ItemCatService&methods=getCatList&pid=33808&revision=0.0.1-SNAPSHOT&side=consumer&timestamp=1520356743371 empty://192.168.0.2/cn.e3mall.service.ItemCatService?application=e3-manager-web&category=routers&dubbo=2.5.3&interface=cn.e3mall.service.ItemCatService&methods=getCatList&pid=33808&revision=0.0.1-SNAPSHOT&side=consumer&timestamp=1520356743371 dubbo://192.168.0.2:20880/cn.e3mall.service.ItemCatService?anyhost=true&application=e3-manager&dubbo=2.5.3&interface=cn.e3mall.service.ItemCatService&methods=getCatList&pid=33864&side=provider&timestamp=1520356667299, cn.e3mall.search.service.SearchService=empty://192.168.0.2:20882/cn.e3mall.search.service.SearchService?anyhost=true&application=e3-search&category=configurators&check=false&dubbo=2.5.3&interface=cn.e3mall.search.service.SearchService&methods=search&pid=36444&side=provider&timeout=600000&timestamp=1520357233042}, dubbo version: 2.5.3, current host: 127.0.0.1


[INFO ] 2018-03-07 01:28:36,822 method:org.I0Itec.zkclient.ZkEventThread.run(ZkEventThread.java:64)
Starting ZkClient event thread.


[INFO ] 2018-03-07 01:28:36,831 method:org.apache.zookeeper.Environment.logEnv(Environment.java:100)
Client environment:zookeeper.version=3.4.7-1713338, built on 11/09/2015 04:32 GMT


[INFO ] 2018-03-07 01:28:36,832 method:org.apache.zookeeper.Environment.logEnv(Environment.java:100)
Client environment:host.name=gyu-PC


[INFO ] 2018-03-07 01:28:36,833 method:org.apache.zookeeper.Environment.logEnv(Environment.java:100)
Client environment:java.version=1.8.0_144


[INFO ] 2018-03-07 01:28:36,833 method:org.apache.zookeeper.Environment.logEnv(Environment.java:100)
Client environment:java.vendor=Oracle Corporation


[INFO ] 2018-03-07 01:28:36,834 method:org.apache.zookeeper.Environment.logEnv(Environment.java:100)
Client environment:java.home=G:\Program_Files\Java\jdk_1.8\jdk1.8.0_144\jre


[INFO ] 2018-03-07 01:28:36,835 method:org.apache.zookeeper.Environment.logEnv(Environment.java:100)
Client environment:java.class.path=G:\Program_Files\Idea\IntelliJ_IDEA_Community_Edition_2017.2.2\plugins\maven\lib\maven3\boot\plexus-classworlds-2.5.2.jar;G:\Program_Files\Idea\IntelliJ_IDEA_Community_Edition_2017.2.2\lib\idea_rt.jar


[INFO ] 2018-03-07 01:28:36,836 method:org.apache.zookeeper.Environment.logEnv(Environment.java:100)
Client environment:java.library.path=G:\Program_Files\Java\jdk_1.8\jdk1.8.0_144\bin;C:\Windows\Sun\Java\bin;C:\Windows\system32;C:\Windows;G:\Program_Files\Java\jdk_1.8\jdk1.8.0_144\bin;G:\Program_Files\Java\jdk_1.8\jdk1.8.0_144\jre\bin;C:\Windows\system32;C:\Windows;C:\Windows\System32\Wbem;C:\Windows\System32\WindowsPowerShell\v1.0\;C:\Program Files (x86)\NVIDIA Corporation\PhysX\Common;C:\Program Files (x86)\Common Files\Thunder Network\KanKan\Codecs;G:\Program_Files\apache-maven-3.3.9\bin;G:\Program_Files\MySql\mysql-5.5.59-winx64\bin;G:\Program_Files\Git\cmd;.


[INFO ] 2018-03-07 01:28:36,836 method:org.apache.zookeeper.Environment.logEnv(Environment.java:100)
Client environment:java.io.tmpdir=C:\Users\ADMINI~1\AppData\Local\Temp\


[INFO ] 2018-03-07 01:28:36,837 method:org.apache.zookeeper.Environment.logEnv(Environment.java:100)
Client environment:java.compiler=<NA>


[INFO ] 2018-03-07 01:28:36,839 method:org.apache.zookeeper.Environment.logEnv(Environment.java:100)
Client environment:os.name=Windows 7


[INFO ] 2018-03-07 01:28:36,840 method:org.apache.zookeeper.Environment.logEnv(Environment.java:100)
Client environment:os.arch=amd64


[INFO ] 2018-03-07 01:28:36,840 method:org.apache.zookeeper.Environment.logEnv(Environment.java:100)
Client environment:os.version=6.1


[INFO ] 2018-03-07 01:28:36,841 method:org.apache.zookeeper.Environment.logEnv(Environment.java:100)
Client environment:user.name=Administrator


[INFO ] 2018-03-07 01:28:36,842 method:org.apache.zookeeper.Environment.logEnv(Environment.java:100)
Client environment:user.home=C:\Users\Administrator


[INFO ] 2018-03-07 01:28:36,842 method:org.apache.zookeeper.Environment.logEnv(Environment.java:100)
Client environment:user.dir=G:\Projects\e3-Shopping\e3-search-web


[INFO ] 2018-03-07 01:28:36,844 method:org.apache.zookeeper.ZooKeeper.<init>(ZooKeeper.java:438)
Initiating client connection, connectString=192.168.25.128:2181 sessionTimeout=30000 watcher=org.I0Itec.zkclient.ZkClient@2cdf4e53


[INFO ] 2018-03-07 01:28:36,916 method:org.apache.zookeeper.ClientCnxn$SendThread.logStartConnect(ClientCnxn.java:1032)
Opening socket connection to server 192.168.25.128/192.168.25.128:2181. Will not attempt to authenticate using SASL (unknown error)


[INFO ] 2018-03-07 01:28:36,927 method:org.apache.zookeeper.ClientCnxn$SendThread.primeConnection(ClientCnxn.java:876)
Socket connection established to 192.168.25.128/192.168.25.128:2181, initiating session


[INFO ] 2018-03-07 01:28:36,980 method:org.apache.zookeeper.ClientCnxn$SendThread.onConnected(ClientCnxn.java:1299)
Session establishment complete on server 192.168.25.128/192.168.25.128:2181, sessionid = 0x161fafab9260008, negotiated timeout = 30000


[INFO ] 2018-03-07 01:28:36,985 method:org.I0Itec.zkclient.ZkClient.processStateChanged(ZkClient.java:449)
zookeeper state changed (SyncConnected)


[INFO ] 2018-03-07 01:28:37,090 method:com.alibaba.dubbo.registry.support.AbstractRegistry.register(AbstractRegistry.java:302)
 [DUBBO] Register: consumer://192.168.0.2/cn.e3mall.search.service.SearchService?application=e3-manager-web&category=consumers&check=false&dubbo=2.5.3&interface=cn.e3mall.search.service.SearchService&methods=search&pid=31272&revision=0.0.1-SNAPSHOT&side=consumer&timestamp=1520357316031, dubbo version: 2.5.3, current host: 192.168.0.2


[INFO ] 2018-03-07 01:28:37,185 method:com.alibaba.dubbo.registry.support.AbstractRegistry.subscribe(AbstractRegistry.java:325)
 [DUBBO] Subscribe: consumer://192.168.0.2/cn.e3mall.search.service.SearchService?application=e3-manager-web&category=providers,configurators,routers&dubbo=2.5.3&interface=cn.e3mall.search.service.SearchService&methods=search&pid=31272&revision=0.0.1-SNAPSHOT&side=consumer&timestamp=1520357316031, dubbo version: 2.5.3, current host: 192.168.0.2


[INFO ] 2018-03-07 01:28:37,278 method:com.alibaba.dubbo.registry.support.AbstractRegistry.notify(AbstractRegistry.java:422)
 [DUBBO] Notify urls for subscribe url consumer://192.168.0.2/cn.e3mall.search.service.SearchService?application=e3-manager-web&category=providers,configurators,routers&dubbo=2.5.3&interface=cn.e3mall.search.service.SearchService&methods=search&pid=31272&revision=0.0.1-SNAPSHOT&side=consumer&timestamp=1520357316031, urls: [dubbo://192.168.0.2:20882/cn.e3mall.search.service.SearchService?anyhost=true&application=e3-search&dubbo=2.5.3&interface=cn.e3mall.search.service.SearchService&methods=search&pid=36444&side=provider&timeout=600000&timestamp=1520357233042, empty://192.168.0.2/cn.e3mall.search.service.SearchService?application=e3-manager-web&category=configurators&dubbo=2.5.3&interface=cn.e3mall.search.service.SearchService&methods=search&pid=31272&revision=0.0.1-SNAPSHOT&side=consumer&timestamp=1520357316031, empty://192.168.0.2/cn.e3mall.search.service.SearchService?application=e3-manager-web&category=routers&dubbo=2.5.3&interface=cn.e3mall.search.service.SearchService&methods=search&pid=31272&revision=0.0.1-SNAPSHOT&side=consumer&timestamp=1520357316031], dubbo version: 2.5.3, current host: 192.168.0.2


[INFO ] 2018-03-07 01:28:37,742 method:com.alibaba.dubbo.remoting.transport.AbstractClient.connect(AbstractClient.java:287)
 [DUBBO] Successed connect to server /192.168.0.2:20882 from NettyClient 192.168.0.2 using dubbo version 2.5.3, channel is NettyChannel [channel=[id: 0x7228836d, /192.168.0.2:56159 => /192.168.0.2:20882]], dubbo version: 2.5.3, current host: 192.168.0.2


[INFO ] 2018-03-07 01:28:37,743 method:com.alibaba.dubbo.remoting.transport.AbstractClient.<init>(AbstractClient.java:105)
 [DUBBO] Start NettyClient gyu-PC/192.168.0.2 connect to the server /192.168.0.2:20882, dubbo version: 2.5.3, current host: 192.168.0.2


[INFO ] 2018-03-07 01:28:38,005 method:com.alibaba.dubbo.config.ReferenceConfig.createProxy(ReferenceConfig.java:423)
 [DUBBO] Refer dubbo service cn.e3mall.search.service.SearchService from url zookeeper://192.168.25.128:2181/com.alibaba.dubbo.registry.RegistryService?anyhost=true&application=e3-manager-web&check=false&dubbo=2.5.3&interface=cn.e3mall.search.service.SearchService&methods=search&pid=31272&revision=0.0.1-SNAPSHOT&side=consumer&timeout=600000&timestamp=1520357316031, dubbo version: 2.5.3, current host: 192.168.0.2


[INFO ] 2018-03-07 01:28:38,589 method:org.springframework.web.servlet.handler.AbstractHandlerMethodMapping$MappingRegistry.register(AbstractHandlerMethodMapping.java:527)
Mapped "{[/search]}" onto public java.lang.String cn.e3mall.search.controller.SearchController.searchItemList(java.lang.String,java.lang.Integer,org.springframework.ui.Model) throws java.lang.Exception


[INFO ] 2018-03-07 01:28:40,531 method:org.springframework.web.servlet.mvc.method.annotation.RequestMappingHandlerAdapter.initControllerAdviceCache(RequestMappingHandlerAdapter.java:532)
Looking for @ControllerAdvice: WebApplicationContext for namespace 'e3-search-web-servlet': startup date [Wed Mar 07 01:28:33 CST 2018]; root of context hierarchy


[INFO ] 2018-03-07 01:28:40,749 method:org.springframework.web.servlet.mvc.method.annotation.RequestMappingHandlerAdapter.initControllerAdviceCache(RequestMappingHandlerAdapter.java:532)
Looking for @ControllerAdvice: WebApplicationContext for namespace 'e3-search-web-servlet': startup date [Wed Mar 07 01:28:33 CST 2018]; root of context hierarchy


[INFO ] 2018-03-07 01:28:41,033 method:org.springframework.web.servlet.FrameworkServlet.initServletBean(FrameworkServlet.java:508)
FrameworkServlet 'e3-search-web': initialization completed in 7836 ms


[WARN ] 2018-03-07 01:50:35,529 method:org.springframework.web.servlet.DispatcherServlet.noHandlerFound(DispatcherServlet.java:1136)
No mapping found for HTTP request with URI [/html/web/_public/_ajaxStaticMenu.html] in DispatcherServlet with name 'e3-search-web'


[INFO ] 2018-03-07 02:01:53,636 method:com.alibaba.dubbo.rpc.protocol.dubbo.DubboProtocol$1.disconnected(DubboProtocol.java:130)
 [DUBBO] disconected from /192.168.0.2:20882,url:dubbo://192.168.0.2:20882/cn.e3mall.search.service.SearchService?anyhost=true&application=e3-manager-web&check=false&codec=dubbo&dubbo=2.5.3&heartbeat=60000&interface=cn.e3mall.search.service.SearchService&methods=search&pid=31272&revision=0.0.1-SNAPSHOT&side=consumer&timeout=600000&timestamp=1520357316031, dubbo version: 2.5.3, current host: 192.168.0.2


[WARN ] 2018-03-07 02:01:56,417 method:com.alibaba.dubbo.remoting.transport.AbstractClient$1.run(AbstractClient.java:160)
 [DUBBO] client reconnect to 192.168.0.2:20882 find error . url: dubbo://192.168.0.2:20882/cn.e3mall.search.service.SearchService?anyhost=true&application=e3-manager-web&check=false&codec=dubbo&dubbo=2.5.3&heartbeat=60000&interface=cn.e3mall.search.service.SearchService&methods=search&pid=31272&revision=0.0.1-SNAPSHOT&side=consumer&timeout=600000&timestamp=1520357316031, dubbo version: 2.5.3, current host: 192.168.0.2
com.alibaba.dubbo.remoting.RemotingException: client(url: dubbo://192.168.0.2:20882/cn.e3mall.search.service.SearchService?anyhost=true&application=e3-manager-web&check=false&codec=dubbo&dubbo=2.5.3&heartbeat=60000&interface=cn.e3mall.search.service.SearchService&methods=search&pid=31272&revision=0.0.1-SNAPSHOT&side=consumer&timeout=600000&timestamp=1520357316031) failed to connect to server /192.168.0.2:20882, error message is:Connection refused: no further information: /192.168.0.2:20882
	at com.alibaba.dubbo.remoting.transport.netty.NettyClient.doConnect(NettyClient.java:124)
	at com.alibaba.dubbo.remoting.transport.AbstractClient.connect(AbstractClient.java:280)
	at com.alibaba.dubbo.remoting.transport.AbstractClient$1.run(AbstractClient.java:145)
	at java.util.concurrent.Executors$RunnableAdapter.call(Executors.java:511)
	at java.util.concurrent.FutureTask.runAndReset(FutureTask.java:308)
	at java.util.concurrent.ScheduledThreadPoolExecutor$ScheduledFutureTask.access$301(ScheduledThreadPoolExecutor.java:180)
	at java.util.concurrent.ScheduledThreadPoolExecutor$ScheduledFutureTask.run(ScheduledThreadPoolExecutor.java:294)
	at java.util.concurrent.ThreadPoolExecutor.runWorker(ThreadPoolExecutor.java:1149)
	at java.util.concurrent.ThreadPoolExecutor$Worker.run(ThreadPoolExecutor.java:624)
	at java.lang.Thread.run(Thread.java:748)
Caused by: java.net.ConnectException: Connection refused: no further information: /192.168.0.2:20882
	at sun.nio.ch.SocketChannelImpl.checkConnect(Native Method)
	at sun.nio.ch.SocketChannelImpl.finishConnect(SocketChannelImpl.java:717)
	at org.jboss.netty.channel.socket.nio.NioClientBoss.connect(NioClientBoss.java:150)
	at org.jboss.netty.channel.socket.nio.NioClientBoss.processSelectedKeys(NioClientBoss.java:105)
	at org.jboss.netty.channel.socket.nio.NioClientBoss.process(NioClientBoss.java:79)
	at org.jboss.netty.channel.socket.nio.AbstractNioSelector.run(AbstractNioSelector.java:312)
	at org.jboss.netty.channel.socket.nio.NioClientBoss.run(NioClientBoss.java:42)
	... 3 more


[INFO ] 2018-03-07 02:02:21,939 method:com.alibaba.dubbo.registry.support.AbstractRegistry.notify(AbstractRegistry.java:422)
 [DUBBO] Notify urls for subscribe url consumer://192.168.0.2/cn.e3mall.search.service.SearchService?application=e3-manager-web&category=providers,configurators,routers&dubbo=2.5.3&interface=cn.e3mall.search.service.SearchService&methods=search&pid=31272&revision=0.0.1-SNAPSHOT&side=consumer&timestamp=1520357316031, urls: [empty://192.168.0.2/cn.e3mall.search.service.SearchService?application=e3-manager-web&category=providers&dubbo=2.5.3&interface=cn.e3mall.search.service.SearchService&methods=search&pid=31272&revision=0.0.1-SNAPSHOT&side=consumer&timestamp=1520357316031], dubbo version: 2.5.3, current host: 192.168.0.2


[INFO ] 2018-03-07 02:05:04,642 method:com.alibaba.dubbo.registry.support.AbstractRegistry.notify(AbstractRegistry.java:422)
 [DUBBO] Notify urls for subscribe url consumer://192.168.0.2/cn.e3mall.search.service.SearchService?application=e3-manager-web&category=providers,configurators,routers&dubbo=2.5.3&interface=cn.e3mall.search.service.SearchService&methods=search&pid=31272&revision=0.0.1-SNAPSHOT&side=consumer&timestamp=1520357316031, urls: [dubbo://192.168.0.2:20882/cn.e3mall.search.service.SearchService?anyhost=true&application=e3-search&dubbo=2.5.3&interface=cn.e3mall.search.service.SearchService&methods=search&pid=38844&side=provider&timeout=600000&timestamp=1520359504504], dubbo version: 2.5.3, current host: 192.168.0.2


[INFO ] 2018-03-07 02:05:04,649 method:com.alibaba.dubbo.remoting.transport.AbstractClient.connect(AbstractClient.java:287)
 [DUBBO] Successed connect to server /192.168.0.2:20882 from NettyClient 192.168.0.2 using dubbo version 2.5.3, channel is NettyChannel [channel=[id: 0x074d1d12, /192.168.0.2:55388 => /192.168.0.2:20882]], dubbo version: 2.5.3, current host: 192.168.0.2


[INFO ] 2018-03-07 02:05:04,649 method:com.alibaba.dubbo.remoting.transport.AbstractClient.<init>(AbstractClient.java:105)
 [DUBBO] Start NettyClient gyu-PC/192.168.0.2 connect to the server /192.168.0.2:20882, dubbo version: 2.5.3, current host: 192.168.0.2


[WARN ] 2018-03-07 02:06:48,728 method:com.alibaba.dubbo.rpc.protocol.dubbo.DecodeableRpcResult.decode(DecodeableRpcResult.java:112)
 [DUBBO] Decode rpc result failed: Response data error, expect Throwable, but get {cause=(this Map), suppressedExceptions=[], detailMessage=No live SolrServers available to handle this request, stackTrace=[Ljava.lang.StackTraceElement;@47dab84e}, dubbo version: 2.5.3, current host: 192.168.0.2
java.io.IOException: Response data error, expect Throwable, but get {cause=(this Map), suppressedExceptions=[], detailMessage=No live SolrServers available to handle this request, stackTrace=[Ljava.lang.StackTraceElement;@47dab84e}
	at com.alibaba.dubbo.rpc.protocol.dubbo.DecodeableRpcResult.decode(DecodeableRpcResult.java:94)
	at com.alibaba.dubbo.rpc.protocol.dubbo.DecodeableRpcResult.decode(DecodeableRpcResult.java:109)
	at com.alibaba.dubbo.rpc.protocol.dubbo.DubboCodec.decodeBody(DubboCodec.java:97)
	at com.alibaba.dubbo.remoting.exchange.codec.ExchangeCodec.decode(ExchangeCodec.java:126)
	at com.alibaba.dubbo.remoting.exchange.codec.ExchangeCodec.decode(ExchangeCodec.java:87)
	at com.alibaba.dubbo.rpc.protocol.dubbo.DubboCountCodec.decode(DubboCountCodec.java:46)
	at com.alibaba.dubbo.remoting.transport.netty.NettyCodecAdapter$InternalDecoder.messageReceived(NettyCodecAdapter.java:134)
	at org.jboss.netty.channel.SimpleChannelUpstreamHandler.handleUpstream(SimpleChannelUpstreamHandler.java:70)
	at org.jboss.netty.channel.DefaultChannelPipeline.sendUpstream(DefaultChannelPipeline.java:564)
	at org.jboss.netty.channel.DefaultChannelPipeline.sendUpstream(DefaultChannelPipeline.java:559)
	at org.jboss.netty.channel.Channels.fireMessageReceived(Channels.java:268)
	at org.jboss.netty.channel.Channels.fireMessageReceived(Channels.java:255)
	at org.jboss.netty.channel.socket.nio.NioWorker.read(NioWorker.java:88)
	at org.jboss.netty.channel.socket.nio.AbstractNioWorker.process(AbstractNioWorker.java:109)
	at org.jboss.netty.channel.socket.nio.AbstractNioSelector.run(AbstractNioSelector.java:312)
	at org.jboss.netty.channel.socket.nio.AbstractNioWorker.run(AbstractNioWorker.java:90)
	at org.jboss.netty.channel.socket.nio.NioWorker.run(NioWorker.java:178)
	at org.jboss.netty.util.ThreadRenamingRunnable.run(ThreadRenamingRunnable.java:108)
	at org.jboss.netty.util.internal.DeadLockProofWorker$1.run(DeadLockProofWorker.java:42)
	at java.util.concurrent.ThreadPoolExecutor.runWorker(ThreadPoolExecutor.java:1149)
	at java.util.concurrent.ThreadPoolExecutor$Worker.run(ThreadPoolExecutor.java:624)
	at java.lang.Thread.run(Thread.java:748)


[WARN ] 2018-03-07 02:06:48,761 method:com.alibaba.dubbo.rpc.protocol.dubbo.DecodeableRpcResult.decode(DecodeableRpcResult.java:112)
 [DUBBO] Decode rpc result failed: Response data error, expect Throwable, but get {cause=(this Map), suppressedExceptions=[], detailMessage=No live SolrServers available to handle this request, stackTrace=[Ljava.lang.StackTraceElement;@289d9d33}, dubbo version: 2.5.3, current host: 192.168.0.2
java.io.IOException: Response data error, expect Throwable, but get {cause=(this Map), suppressedExceptions=[], detailMessage=No live SolrServers available to handle this request, stackTrace=[Ljava.lang.StackTraceElement;@289d9d33}
	at com.alibaba.dubbo.rpc.protocol.dubbo.DecodeableRpcResult.decode(DecodeableRpcResult.java:94)
	at com.alibaba.dubbo.rpc.protocol.dubbo.DecodeableRpcResult.decode(DecodeableRpcResult.java:109)
	at com.alibaba.dubbo.rpc.protocol.dubbo.DubboCodec.decodeBody(DubboCodec.java:97)
	at com.alibaba.dubbo.remoting.exchange.codec.ExchangeCodec.decode(ExchangeCodec.java:126)
	at com.alibaba.dubbo.remoting.exchange.codec.ExchangeCodec.decode(ExchangeCodec.java:87)
	at com.alibaba.dubbo.rpc.protocol.dubbo.DubboCountCodec.decode(DubboCountCodec.java:46)
	at com.alibaba.dubbo.remoting.transport.netty.NettyCodecAdapter$InternalDecoder.messageReceived(NettyCodecAdapter.java:134)
	at org.jboss.netty.channel.SimpleChannelUpstreamHandler.handleUpstream(SimpleChannelUpstreamHandler.java:70)
	at org.jboss.netty.channel.DefaultChannelPipeline.sendUpstream(DefaultChannelPipeline.java:564)
	at org.jboss.netty.channel.DefaultChannelPipeline.sendUpstream(DefaultChannelPipeline.java:559)
	at org.jboss.netty.channel.Channels.fireMessageReceived(Channels.java:268)
	at org.jboss.netty.channel.Channels.fireMessageReceived(Channels.java:255)
	at org.jboss.netty.channel.socket.nio.NioWorker.read(NioWorker.java:88)
	at org.jboss.netty.channel.socket.nio.AbstractNioWorker.process(AbstractNioWorker.java:109)
	at org.jboss.netty.channel.socket.nio.AbstractNioSelector.run(AbstractNioSelector.java:312)
	at org.jboss.netty.channel.socket.nio.AbstractNioWorker.run(AbstractNioWorker.java:90)
	at org.jboss.netty.channel.socket.nio.NioWorker.run(NioWorker.java:178)
	at org.jboss.netty.util.ThreadRenamingRunnable.run(ThreadRenamingRunnable.java:108)
	at org.jboss.netty.util.internal.DeadLockProofWorker$1.run(DeadLockProofWorker.java:42)
	at java.util.concurrent.ThreadPoolExecutor.runWorker(ThreadPoolExecutor.java:1149)
	at java.util.concurrent.ThreadPoolExecutor$Worker.run(ThreadPoolExecutor.java:624)
	at java.lang.Thread.run(Thread.java:748)


[WARN ] 2018-03-07 02:06:48,777 method:com.alibaba.dubbo.rpc.protocol.dubbo.DecodeableRpcResult.decode(DecodeableRpcResult.java:112)
 [DUBBO] Decode rpc result failed: Response data error, expect Throwable, but get {cause=(this Map), suppressedExceptions=[], detailMessage=No live SolrServers available to handle this request, stackTrace=[Ljava.lang.StackTraceElement;@491097da}, dubbo version: 2.5.3, current host: 192.168.0.2
java.io.IOException: Response data error, expect Throwable, but get {cause=(this Map), suppressedExceptions=[], detailMessage=No live SolrServers available to handle this request, stackTrace=[Ljava.lang.StackTraceElement;@491097da}
	at com.alibaba.dubbo.rpc.protocol.dubbo.DecodeableRpcResult.decode(DecodeableRpcResult.java:94)
	at com.alibaba.dubbo.rpc.protocol.dubbo.DecodeableRpcResult.decode(DecodeableRpcResult.java:109)
	at com.alibaba.dubbo.rpc.protocol.dubbo.DubboCodec.decodeBody(DubboCodec.java:97)
	at com.alibaba.dubbo.remoting.exchange.codec.ExchangeCodec.decode(ExchangeCodec.java:126)
	at com.alibaba.dubbo.remoting.exchange.codec.ExchangeCodec.decode(ExchangeCodec.java:87)
	at com.alibaba.dubbo.rpc.protocol.dubbo.DubboCountCodec.decode(DubboCountCodec.java:46)
	at com.alibaba.dubbo.remoting.transport.netty.NettyCodecAdapter$InternalDecoder.messageReceived(NettyCodecAdapter.java:134)
	at org.jboss.netty.channel.SimpleChannelUpstreamHandler.handleUpstream(SimpleChannelUpstreamHandler.java:70)
	at org.jboss.netty.channel.DefaultChannelPipeline.sendUpstream(DefaultChannelPipeline.java:564)
	at org.jboss.netty.channel.DefaultChannelPipeline.sendUpstream(DefaultChannelPipeline.java:559)
	at org.jboss.netty.channel.Channels.fireMessageReceived(Channels.java:268)
	at org.jboss.netty.channel.Channels.fireMessageReceived(Channels.java:255)
	at org.jboss.netty.channel.socket.nio.NioWorker.read(NioWorker.java:88)
	at org.jboss.netty.channel.socket.nio.AbstractNioWorker.process(AbstractNioWorker.java:109)
	at org.jboss.netty.channel.socket.nio.AbstractNioSelector.run(AbstractNioSelector.java:312)
	at org.jboss.netty.channel.socket.nio.AbstractNioWorker.run(AbstractNioWorker.java:90)
	at org.jboss.netty.channel.socket.nio.NioWorker.run(NioWorker.java:178)
	at org.jboss.netty.util.ThreadRenamingRunnable.run(ThreadRenamingRunnable.java:108)
	at org.jboss.netty.util.internal.DeadLockProofWorker$1.run(DeadLockProofWorker.java:42)
	at java.util.concurrent.ThreadPoolExecutor.runWorker(ThreadPoolExecutor.java:1149)
	at java.util.concurrent.ThreadPoolExecutor$Worker.run(ThreadPoolExecutor.java:624)
	at java.lang.Thread.run(Thread.java:748)


[INFO ] 2018-03-07 02:06:48,789 method:cn.e3mall.search.exception.GlobalExceptionResolver.resolveException(GlobalExceptionResolver.java:29)
系统发生异常了。。。。。。。


[ERROR] 2018-03-07 02:06:48,789 method:cn.e3mall.search.exception.GlobalExceptionResolver.resolveException(GlobalExceptionResolver.java:30)
系统发生异常
com.alibaba.dubbo.rpc.RpcException: Failed to invoke the method search in the service cn.e3mall.search.service.SearchService. Tried 3 times of the providers [192.168.0.2:20882] (1/1) from the registry 192.168.25.128:2181 on the consumer 192.168.0.2 using the dubbo version 2.5.3. Last error is: Failed to invoke remote method: search, provider: dubbo://192.168.0.2:20882/cn.e3mall.search.service.SearchService?anyhost=true&application=e3-manager-web&check=false&dubbo=2.5.3&interface=cn.e3mall.search.service.SearchService&methods=search&pid=31272&revision=0.0.1-SNAPSHOT&side=consumer&timeout=600000&timestamp=1520357316031, cause: java.io.IOException: Response data error, expect Throwable, but get {cause=(this Map), suppressedExceptions=[], detailMessage=No live SolrServers available to handle this request, stackTrace=[Ljava.lang.StackTraceElement;@491097da}
java.io.IOException: Response data error, expect Throwable, but get {cause=(this Map), suppressedExceptions=[], detailMessage=No live SolrServers available to handle this request, stackTrace=[Ljava.lang.StackTraceElement;@491097da}
	at com.alibaba.dubbo.rpc.protocol.dubbo.DecodeableRpcResult.decode(DecodeableRpcResult.java:94)
	at com.alibaba.dubbo.rpc.protocol.dubbo.DecodeableRpcResult.decode(DecodeableRpcResult.java:109)
	at com.alibaba.dubbo.rpc.protocol.dubbo.DubboCodec.decodeBody(DubboCodec.java:97)
	at com.alibaba.dubbo.remoting.exchange.codec.ExchangeCodec.decode(ExchangeCodec.java:126)
	at com.alibaba.dubbo.remoting.exchange.codec.ExchangeCodec.decode(ExchangeCodec.java:87)
	at com.alibaba.dubbo.rpc.protocol.dubbo.DubboCountCodec.decode(DubboCountCodec.java:46)
	at com.alibaba.dubbo.remoting.transport.netty.NettyCodecAdapter$InternalDecoder.messageReceived(NettyCodecAdapter.java:134)
	at org.jboss.netty.channel.SimpleChannelUpstreamHandler.handleUpstream(SimpleChannelUpstreamHandler.java:70)
	at org.jboss.netty.channel.DefaultChannelPipeline.sendUpstream(DefaultChannelPipeline.java:564)
	at org.jboss.netty.channel.DefaultChannelPipeline.sendUpstream(DefaultChannelPipeline.java:559)
	at org.jboss.netty.channel.Channels.fireMessageReceived(Channels.java:268)
	at org.jboss.netty.channel.Channels.fireMessageReceived(Channels.java:255)
	at org.jboss.netty.channel.socket.nio.NioWorker.read(NioWorker.java:88)
	at org.jboss.netty.channel.socket.nio.AbstractNioWorker.process(AbstractNioWorker.java:109)
	at org.jboss.netty.channel.socket.nio.AbstractNioSelector.run(AbstractNioSelector.java:312)
	at org.jboss.netty.channel.socket.nio.AbstractNioWorker.run(AbstractNioWorker.java:90)
	at org.jboss.netty.channel.socket.nio.NioWorker.run(NioWorker.java:178)
	at org.jboss.netty.util.ThreadRenamingRunnable.run(ThreadRenamingRunnable.java:108)
	at org.jboss.netty.util.internal.DeadLockProofWorker$1.run(DeadLockProofWorker.java:42)
	at java.util.concurrent.ThreadPoolExecutor.runWorker(ThreadPoolExecutor.java:1149)
	at java.util.concurrent.ThreadPoolExecutor$Worker.run(ThreadPoolExecutor.java:624)
	at java.lang.Thread.run(Thread.java:748)

	at com.alibaba.dubbo.rpc.cluster.support.FailoverClusterInvoker.doInvoke(FailoverClusterInvoker.java:101)
	at com.alibaba.dubbo.rpc.cluster.support.AbstractClusterInvoker.invoke(AbstractClusterInvoker.java:227)
	at com.alibaba.dubbo.rpc.cluster.support.wrapper.MockClusterInvoker.invoke(MockClusterInvoker.java:72)
	at com.alibaba.dubbo.rpc.proxy.InvokerInvocationHandler.invoke(InvokerInvocationHandler.java:52)
	at com.alibaba.dubbo.common.bytecode.proxy0.search(proxy0.java)
	at cn.e3mall.search.controller.SearchController.searchItemList(SearchController.java:34)
	at sun.reflect.NativeMethodAccessorImpl.invoke0(Native Method)
	at sun.reflect.NativeMethodAccessorImpl.invoke(NativeMethodAccessorImpl.java:62)
	at sun.reflect.DelegatingMethodAccessorImpl.invoke(DelegatingMethodAccessorImpl.java:43)
	at java.lang.reflect.Method.invoke(Method.java:498)
	at org.springframework.web.method.support.InvocableHandlerMethod.doInvoke(InvocableHandlerMethod.java:222)
	at org.springframework.web.method.support.InvocableHandlerMethod.invokeForRequest(InvocableHandlerMethod.java:137)
	at org.springframework.web.servlet.mvc.method.annotation.ServletInvocableHandlerMethod.invokeAndHandle(ServletInvocableHandlerMethod.java:110)
	at org.springframework.web.servlet.mvc.method.annotation.RequestMappingHandlerAdapter.invokeHandlerMethod(RequestMappingHandlerAdapter.java:814)
	at org.springframework.web.servlet.mvc.method.annotation.RequestMappingHandlerAdapter.handleInternal(RequestMappingHandlerAdapter.java:737)
	at org.springframework.web.servlet.mvc.method.AbstractHandlerMethodAdapter.handle(AbstractHandlerMethodAdapter.java:85)
	at org.springframework.web.servlet.DispatcherServlet.doDispatch(DispatcherServlet.java:959)
	at org.springframework.web.servlet.DispatcherServlet.doService(DispatcherServlet.java:893)
	at org.springframework.web.servlet.FrameworkServlet.processRequest(FrameworkServlet.java:969)
	at org.springframework.web.servlet.FrameworkServlet.doGet(FrameworkServlet.java:860)
	at javax.servlet.http.HttpServlet.service(HttpServlet.java:621)
	at org.springframework.web.servlet.FrameworkServlet.service(FrameworkServlet.java:845)
	at javax.servlet.http.HttpServlet.service(HttpServlet.java:728)
	at org.apache.catalina.core.ApplicationFilterChain.internalDoFilter(ApplicationFilterChain.java:305)
	at org.apache.catalina.core.ApplicationFilterChain.doFilter(ApplicationFilterChain.java:210)
	at org.apache.tomcat.websocket.server.WsFilter.doFilter(WsFilter.java:51)
	at org.apache.catalina.core.ApplicationFilterChain.internalDoFilter(ApplicationFilterChain.java:243)
	at org.apache.catalina.core.ApplicationFilterChain.doFilter(ApplicationFilterChain.java:210)
	at org.springframework.web.filter.CharacterEncodingFilter.doFilterInternal(CharacterEncodingFilter.java:121)
	at org.springframework.web.filter.OncePerRequestFilter.doFilter(OncePerRequestFilter.java:107)
	at org.apache.catalina.core.ApplicationFilterChain.internalDoFilter(ApplicationFilterChain.java:243)
	at org.apache.catalina.core.ApplicationFilterChain.doFilter(ApplicationFilterChain.java:210)
	at org.apache.catalina.core.StandardWrapperValve.invoke(StandardWrapperValve.java:222)
	at org.apache.catalina.core.StandardContextValve.invoke(StandardContextValve.java:123)
	at org.apache.catalina.authenticator.AuthenticatorBase.invoke(AuthenticatorBase.java:502)
	at org.apache.catalina.core.StandardHostValve.invoke(StandardHostValve.java:171)
	at org.apache.catalina.valves.ErrorReportValve.invoke(ErrorReportValve.java:100)
	at org.apache.catalina.valves.AccessLogValve.invoke(AccessLogValve.java:953)
	at org.apache.catalina.core.StandardEngineValve.invoke(StandardEngineValve.java:118)
	at org.apache.catalina.connector.CoyoteAdapter.service(CoyoteAdapter.java:408)
	at org.apache.coyote.http11.AbstractHttp11Processor.process(AbstractHttp11Processor.java:1041)
	at org.apache.coyote.AbstractProtocol$AbstractConnectionHandler.process(AbstractProtocol.java:603)
	at org.apache.tomcat.util.net.JIoEndpoint$SocketProcessor.run(JIoEndpoint.java:310)
	at java.util.concurrent.ThreadPoolExecutor.runWorker(ThreadPoolExecutor.java:1149)
	at java.util.concurrent.ThreadPoolExecutor$Worker.run(ThreadPoolExecutor.java:624)
	at java.lang.Thread.run(Thread.java:748)
Caused by: com.alibaba.dubbo.remoting.RemotingException: java.io.IOException: Response data error, expect Throwable, but get {cause=(this Map), suppressedExceptions=[], detailMessage=No live SolrServers available to handle this request, stackTrace=[Ljava.lang.StackTraceElement;@491097da}
java.io.IOException: Response data error, expect Throwable, but get {cause=(this Map), suppressedExceptions=[], detailMessage=No live SolrServers available to handle this request, stackTrace=[Ljava.lang.StackTraceElement;@491097da}
	at com.alibaba.dubbo.rpc.protocol.dubbo.DecodeableRpcResult.decode(DecodeableRpcResult.java:94)
	at com.alibaba.dubbo.rpc.protocol.dubbo.DecodeableRpcResult.decode(DecodeableRpcResult.java:109)
	at com.alibaba.dubbo.rpc.protocol.dubbo.DubboCodec.decodeBody(DubboCodec.java:97)
	at com.alibaba.dubbo.remoting.exchange.codec.ExchangeCodec.decode(ExchangeCodec.java:126)
	at com.alibaba.dubbo.remoting.exchange.codec.ExchangeCodec.decode(ExchangeCodec.java:87)
	at com.alibaba.dubbo.rpc.protocol.dubbo.DubboCountCodec.decode(DubboCountCodec.java:46)
	at com.alibaba.dubbo.remoting.transport.netty.NettyCodecAdapter$InternalDecoder.messageReceived(NettyCodecAdapter.java:134)
	at org.jboss.netty.channel.SimpleChannelUpstreamHandler.handleUpstream(SimpleChannelUpstreamHandler.java:70)
	at org.jboss.netty.channel.DefaultChannelPipeline.sendUpstream(DefaultChannelPipeline.java:564)
	at org.jboss.netty.channel.DefaultChannelPipeline.sendUpstream(DefaultChannelPipeline.java:559)
	at org.jboss.netty.channel.Channels.fireMessageReceived(Channels.java:268)
	at org.jboss.netty.channel.Channels.fireMessageReceived(Channels.java:255)
	at org.jboss.netty.channel.socket.nio.NioWorker.read(NioWorker.java:88)
	at org.jboss.netty.channel.socket.nio.AbstractNioWorker.process(AbstractNioWorker.java:109)
	at org.jboss.netty.channel.socket.nio.AbstractNioSelector.run(AbstractNioSelector.java:312)
	at org.jboss.netty.channel.socket.nio.AbstractNioWorker.run(AbstractNioWorker.java:90)
	at org.jboss.netty.channel.socket.nio.NioWorker.run(NioWorker.java:178)
	at org.jboss.netty.util.ThreadRenamingRunnable.run(ThreadRenamingRunnable.java:108)
	at org.jboss.netty.util.internal.DeadLockProofWorker$1.run(DeadLockProofWorker.java:42)
	at java.util.concurrent.ThreadPoolExecutor.runWorker(ThreadPoolExecutor.java:1149)
	at java.util.concurrent.ThreadPoolExecutor$Worker.run(ThreadPoolExecutor.java:624)
	at java.lang.Thread.run(Thread.java:748)

	at com.alibaba.dubbo.remoting.exchange.support.DefaultFuture.returnFromResponse(DefaultFuture.java:190)
	at com.alibaba.dubbo.remoting.exchange.support.DefaultFuture.get(DefaultFuture.java:110)
	at com.alibaba.dubbo.remoting.exchange.support.DefaultFuture.get(DefaultFuture.java:84)
	at com.alibaba.dubbo.rpc.protocol.dubbo.DubboInvoker.doInvoke(DubboInvoker.java:96)
	at com.alibaba.dubbo.rpc.protocol.AbstractInvoker.invoke(AbstractInvoker.java:144)
	at com.alibaba.dubbo.rpc.listener.ListenerInvokerWrapper.invoke(ListenerInvokerWrapper.java:74)
	at com.alibaba.dubbo.monitor.support.MonitorFilter.invoke(MonitorFilter.java:75)
	at com.alibaba.dubbo.rpc.protocol.ProtocolFilterWrapper$1.invoke(ProtocolFilterWrapper.java:91)
	at com.alibaba.dubbo.rpc.protocol.dubbo.filter.FutureFilter.invoke(FutureFilter.java:53)
	at com.alibaba.dubbo.rpc.protocol.ProtocolFilterWrapper$1.invoke(ProtocolFilterWrapper.java:91)
	at com.alibaba.dubbo.rpc.filter.ConsumerContextFilter.invoke(ConsumerContextFilter.java:48)
	at com.alibaba.dubbo.rpc.protocol.ProtocolFilterWrapper$1.invoke(ProtocolFilterWrapper.java:91)
	at com.alibaba.dubbo.rpc.protocol.InvokerWrapper.invoke(InvokerWrapper.java:53)
	at com.alibaba.dubbo.rpc.cluster.support.FailoverClusterInvoker.doInvoke(FailoverClusterInvoker.java:77)
	... 45 more


[INFO ] 2018-03-07 02:11:56,240 method:org.springframework.web.servlet.FrameworkServlet.initServletBean(FrameworkServlet.java:489)
FrameworkServlet 'e3-search-web': initialization started


[INFO ] 2018-03-07 02:11:56,279 method:org.springframework.context.support.AbstractApplicationContext.prepareRefresh(AbstractApplicationContext.java:578)
Refreshing WebApplicationContext for namespace 'e3-search-web-servlet': startup date [Wed Mar 07 02:11:56 CST 2018]; root of context hierarchy


[INFO ] 2018-03-07 02:11:56,334 method:org.springframework.beans.factory.xml.XmlBeanDefinitionReader.loadBeanDefinitions(XmlBeanDefinitionReader.java:317)
Loading XML bean definitions from class path resource [spring/springmvc.xml]


[INFO ] 2018-03-07 02:11:56,818 method:
using logger: com.alibaba.dubbo.common.logger.log4j.Log4jLoggerAdapter


[INFO ] 2018-03-07 02:11:57,035 method:org.springframework.core.io.support.PropertiesLoaderSupport.loadProperties(PropertiesLoaderSupport.java:172)
Loading properties file from class path resource [conf/resource.properties]


[INFO ] 2018-03-07 02:11:57,043 method:org.springframework.beans.factory.annotation.AutowiredAnnotationBeanPostProcessor.<init>(AutowiredAnnotationBeanPostProcessor.java:153)
JSR-330 'javax.inject.Inject' annotation found and supported for autowiring


[INFO ] 2018-03-07 02:11:57,564 method:com.alibaba.dubbo.registry.support.AbstractRegistry.loadProperties(AbstractRegistry.java:232)
 [DUBBO] Load registry store file C:\Users\Administrator\.dubbo\dubbo-registry-192.168.25.128.cache, data: {cn.e3mall.content.service.ContentCategoryService=empty://192.168.0.2/cn.e3mall.content.service.ContentCategoryService?application=e3-manager-web&category=configurators&dubbo=2.5.3&interface=cn.e3mall.content.service.ContentCategoryService&methods=addContentCategory,deleteContentCategory,updateContentCategory,getContentCatList&pid=37340&revision=0.0.1-SNAPSHOT&side=consumer&timestamp=1520357471634 empty://192.168.0.2/cn.e3mall.content.service.ContentCategoryService?application=e3-manager-web&category=routers&dubbo=2.5.3&interface=cn.e3mall.content.service.ContentCategoryService&methods=addContentCategory,deleteContentCategory,updateContentCategory,getContentCatList&pid=37340&revision=0.0.1-SNAPSHOT&side=consumer&timestamp=1520357471634 dubbo://192.168.0.2:20881/cn.e3mall.content.service.ContentCategoryService?anyhost=true&application=e3-manager&dubbo=2.5.3&interface=cn.e3mall.content.service.ContentCategoryService&methods=addContentCategory,deleteContentCategory,updateContentCategory,getContentCatList&pid=32736&side=provider&timestamp=1520356608858, cn.e3mall.content.service.ContentService=empty://192.168.0.2/cn.e3mall.content.service.ContentService?application=e3-manager-web&category=configurators&dubbo=2.5.3&interface=cn.e3mall.content.service.ContentService&methods=getContentListByCid,addContent&pid=37340&revision=0.0.1-SNAPSHOT&side=consumer&timestamp=1520357473456 empty://192.168.0.2/cn.e3mall.content.service.ContentService?application=e3-manager-web&category=routers&dubbo=2.5.3&interface=cn.e3mall.content.service.ContentService&methods=getContentListByCid,addContent&pid=37340&revision=0.0.1-SNAPSHOT&side=consumer&timestamp=1520357473456 dubbo://192.168.0.2:20881/cn.e3mall.content.service.ContentService?anyhost=true&application=e3-manager&dubbo=2.5.3&interface=cn.e3mall.content.service.ContentService&methods=getContentListByCid,addContent&pid=32736&side=provider&timestamp=1520356612219, cn.e3mall.search.service.SearchItemService=empty://192.168.0.2:20882/cn.e3mall.search.service.SearchItemService?anyhost=true&application=e3-search&category=configurators&check=false&dubbo=2.5.3&interface=cn.e3mall.search.service.SearchItemService&methods=importAllItems&pid=37084&side=provider&timeout=600000&timestamp=1520359868050, cn.e3mall.service.ItemService=empty://192.168.0.2/cn.e3mall.service.ItemService?application=e3-manager-web&category=configurators&dubbo=2.5.3&interface=cn.e3mall.service.ItemService&methods=addItem,getItemList,updateTbItem,getTbItemDesc,getItemById&pid=37340&revision=0.0.1-SNAPSHOT&side=consumer&timestamp=1520357474108 empty://192.168.0.2/cn.e3mall.service.ItemService?application=e3-manager-web&category=routers&dubbo=2.5.3&interface=cn.e3mall.service.ItemService&methods=addItem,getItemList,updateTbItem,getTbItemDesc,getItemById&pid=37340&revision=0.0.1-SNAPSHOT&side=consumer&timestamp=1520357474108 dubbo://192.168.0.2:20880/cn.e3mall.service.ItemService?anyhost=true&application=e3-manager&dubbo=2.5.3&interface=cn.e3mall.service.ItemService&methods=getItemList,addItem,updateTbItem,getTbItemDesc,getItemById&pid=37180&side=provider&timestamp=1520358562384, cn.e3mall.service.ItemCatService=empty://192.168.0.2/cn.e3mall.service.ItemCatService?application=e3-manager-web&category=configurators&dubbo=2.5.3&interface=cn.e3mall.service.ItemCatService&methods=getCatList&pid=37340&revision=0.0.1-SNAPSHOT&side=consumer&timestamp=1520357473671 empty://192.168.0.2/cn.e3mall.service.ItemCatService?application=e3-manager-web&category=routers&dubbo=2.5.3&interface=cn.e3mall.service.ItemCatService&methods=getCatList&pid=37340&revision=0.0.1-SNAPSHOT&side=consumer&timestamp=1520357473671 dubbo://192.168.0.2:20880/cn.e3mall.service.ItemCatService?anyhost=true&application=e3-manager&dubbo=2.5.3&interface=cn.e3mall.service.ItemCatService&methods=getCatList&pid=37180&side=provider&timestamp=1520358563459, cn.e3mall.search.service.SearchService=empty://192.168.0.2:20882/cn.e3mall.search.service.SearchService?anyhost=true&application=e3-search&category=configurators&check=false&dubbo=2.5.3&interface=cn.e3mall.search.service.SearchService&methods=search&pid=37084&side=provider&timeout=600000&timestamp=1520359868925}, dubbo version: 2.5.3, current host: 127.0.0.1


[INFO ] 2018-03-07 02:11:57,614 method:org.apache.zookeeper.Environment.logEnv(Environment.java:100)
Client environment:zookeeper.version=3.4.7-1713338, built on 11/09/2015 04:32 GMT


[INFO ] 2018-03-07 02:11:57,614 method:org.apache.zookeeper.Environment.logEnv(Environment.java:100)
Client environment:host.name=gyu-PC


[INFO ] 2018-03-07 02:11:57,614 method:org.apache.zookeeper.Environment.logEnv(Environment.java:100)
Client environment:java.version=1.8.0_144


[INFO ] 2018-03-07 02:11:57,615 method:org.apache.zookeeper.Environment.logEnv(Environment.java:100)
Client environment:java.vendor=Oracle Corporation


[INFO ] 2018-03-07 02:11:57,615 method:org.apache.zookeeper.Environment.logEnv(Environment.java:100)
Client environment:java.home=G:\Program_Files\Java\jdk_1.8\jdk1.8.0_144\jre


[INFO ] 2018-03-07 02:11:57,615 method:org.apache.zookeeper.Environment.logEnv(Environment.java:100)
Client environment:java.class.path=G:\Program_Files\Idea\IntelliJ_IDEA_Community_Edition_2017.2.2\plugins\maven\lib\maven3\boot\plexus-classworlds-2.5.2.jar;G:\Program_Files\Idea\IntelliJ_IDEA_Community_Edition_2017.2.2\lib\idea_rt.jar


[INFO ] 2018-03-07 02:11:57,615 method:org.apache.zookeeper.Environment.logEnv(Environment.java:100)
Client environment:java.library.path=G:\Program_Files\Java\jdk_1.8\jdk1.8.0_144\bin;C:\Windows\Sun\Java\bin;C:\Windows\system32;C:\Windows;G:\Program_Files\Java\jdk_1.8\jdk1.8.0_144\bin;G:\Program_Files\Java\jdk_1.8\jdk1.8.0_144\jre\bin;C:\Windows\system32;C:\Windows;C:\Windows\System32\Wbem;C:\Windows\System32\WindowsPowerShell\v1.0\;C:\Program Files (x86)\NVIDIA Corporation\PhysX\Common;C:\Program Files (x86)\Common Files\Thunder Network\KanKan\Codecs;G:\Program_Files\apache-maven-3.3.9\bin;G:\Program_Files\MySql\mysql-5.5.59-winx64\bin;G:\Program_Files\Git\cmd;.


[INFO ] 2018-03-07 02:11:57,616 method:org.apache.zookeeper.Environment.logEnv(Environment.java:100)
Client environment:java.io.tmpdir=C:\Users\ADMINI~1\AppData\Local\Temp\


[INFO ] 2018-03-07 02:11:57,616 method:org.apache.zookeeper.Environment.logEnv(Environment.java:100)
Client environment:java.compiler=<NA>


[INFO ] 2018-03-07 02:11:57,617 method:org.apache.zookeeper.Environment.logEnv(Environment.java:100)
Client environment:os.name=Windows 7


[INFO ] 2018-03-07 02:11:57,618 method:org.apache.zookeeper.Environment.logEnv(Environment.java:100)
Client environment:os.arch=amd64


[INFO ] 2018-03-07 02:11:57,618 method:org.apache.zookeeper.Environment.logEnv(Environment.java:100)
Client environment:os.version=6.1


[INFO ] 2018-03-07 02:11:57,618 method:org.apache.zookeeper.Environment.logEnv(Environment.java:100)
Client environment:user.name=Administrator


[INFO ] 2018-03-07 02:11:57,619 method:org.apache.zookeeper.Environment.logEnv(Environment.java:100)
Client environment:user.home=C:\Users\Administrator


[INFO ] 2018-03-07 02:11:57,619 method:org.apache.zookeeper.Environment.logEnv(Environment.java:100)
Client environment:user.dir=G:\Projects\e3-Shopping\e3-search-web


[INFO ] 2018-03-07 02:11:57,620 method:org.apache.zookeeper.ZooKeeper.<init>(ZooKeeper.java:438)
Initiating client connection, connectString=192.168.25.128:2181 sessionTimeout=30000 watcher=org.I0Itec.zkclient.ZkClient@e21c1b9


[INFO ] 2018-03-07 02:11:57,830 method:org.I0Itec.zkclient.ZkEventThread.run(ZkEventThread.java:64)
Starting ZkClient event thread.


[INFO ] 2018-03-07 02:11:57,883 method:org.apache.zookeeper.ClientCnxn$SendThread.logStartConnect(ClientCnxn.java:1032)
Opening socket connection to server 192.168.25.128/192.168.25.128:2181. Will not attempt to authenticate using SASL (unknown error)


[INFO ] 2018-03-07 02:11:57,905 method:org.apache.zookeeper.ClientCnxn$SendThread.primeConnection(ClientCnxn.java:876)
Socket connection established to 192.168.25.128/192.168.25.128:2181, initiating session


[INFO ] 2018-03-07 02:11:57,972 method:org.apache.zookeeper.ClientCnxn$SendThread.onConnected(ClientCnxn.java:1299)
Session establishment complete on server 192.168.25.128/192.168.25.128:2181, sessionid = 0x161fafab9260010, negotiated timeout = 30000


[INFO ] 2018-03-07 02:11:57,976 method:org.I0Itec.zkclient.ZkClient.processStateChanged(ZkClient.java:449)
zookeeper state changed (SyncConnected)


[INFO ] 2018-03-07 02:11:58,054 method:com.alibaba.dubbo.registry.support.AbstractRegistry.register(AbstractRegistry.java:302)
 [DUBBO] Register: consumer://192.168.0.2/cn.e3mall.search.service.SearchService?application=e3-manager-web&category=consumers&check=false&dubbo=2.5.3&interface=cn.e3mall.search.service.SearchService&methods=search&pid=36028&revision=0.0.1-SNAPSHOT&side=consumer&timestamp=1520359917435, dubbo version: 2.5.3, current host: 192.168.0.2


[INFO ] 2018-03-07 02:11:58,132 method:com.alibaba.dubbo.registry.support.AbstractRegistry.subscribe(AbstractRegistry.java:325)
 [DUBBO] Subscribe: consumer://192.168.0.2/cn.e3mall.search.service.SearchService?application=e3-manager-web&category=providers,configurators,routers&dubbo=2.5.3&interface=cn.e3mall.search.service.SearchService&methods=search&pid=36028&revision=0.0.1-SNAPSHOT&side=consumer&timestamp=1520359917435, dubbo version: 2.5.3, current host: 192.168.0.2


[INFO ] 2018-03-07 02:11:58,192 method:com.alibaba.dubbo.registry.support.AbstractRegistry.notify(AbstractRegistry.java:422)
 [DUBBO] Notify urls for subscribe url consumer://192.168.0.2/cn.e3mall.search.service.SearchService?application=e3-manager-web&category=providers,configurators,routers&dubbo=2.5.3&interface=cn.e3mall.search.service.SearchService&methods=search&pid=36028&revision=0.0.1-SNAPSHOT&side=consumer&timestamp=1520359917435, urls: [dubbo://192.168.0.2:20882/cn.e3mall.search.service.SearchService?anyhost=true&application=e3-search&dubbo=2.5.3&interface=cn.e3mall.search.service.SearchService&methods=search&pid=37084&side=provider&timeout=600000&timestamp=1520359868925, empty://192.168.0.2/cn.e3mall.search.service.SearchService?application=e3-manager-web&category=configurators&dubbo=2.5.3&interface=cn.e3mall.search.service.SearchService&methods=search&pid=36028&revision=0.0.1-SNAPSHOT&side=consumer&timestamp=1520359917435, empty://192.168.0.2/cn.e3mall.search.service.SearchService?application=e3-manager-web&category=routers&dubbo=2.5.3&interface=cn.e3mall.search.service.SearchService&methods=search&pid=36028&revision=0.0.1-SNAPSHOT&side=consumer&timestamp=1520359917435], dubbo version: 2.5.3, current host: 192.168.0.2


[INFO ] 2018-03-07 02:11:58,599 method:com.alibaba.dubbo.remoting.transport.AbstractClient.connect(AbstractClient.java:287)
 [DUBBO] Successed connect to server /192.168.0.2:20882 from NettyClient 192.168.0.2 using dubbo version 2.5.3, channel is NettyChannel [channel=[id: 0xec88e9f7, /192.168.0.2:50814 => /192.168.0.2:20882]], dubbo version: 2.5.3, current host: 192.168.0.2


[INFO ] 2018-03-07 02:11:58,601 method:com.alibaba.dubbo.remoting.transport.AbstractClient.<init>(AbstractClient.java:105)
 [DUBBO] Start NettyClient gyu-PC/192.168.0.2 connect to the server /192.168.0.2:20882, dubbo version: 2.5.3, current host: 192.168.0.2


[INFO ] 2018-03-07 02:11:58,731 method:com.alibaba.dubbo.config.ReferenceConfig.createProxy(ReferenceConfig.java:423)
 [DUBBO] Refer dubbo service cn.e3mall.search.service.SearchService from url zookeeper://192.168.25.128:2181/com.alibaba.dubbo.registry.RegistryService?anyhost=true&application=e3-manager-web&check=false&dubbo=2.5.3&interface=cn.e3mall.search.service.SearchService&methods=search&pid=36028&revision=0.0.1-SNAPSHOT&side=consumer&timeout=600000&timestamp=1520359917435, dubbo version: 2.5.3, current host: 192.168.0.2


[INFO ] 2018-03-07 02:11:59,181 method:org.springframework.web.servlet.handler.AbstractHandlerMethodMapping$MappingRegistry.register(AbstractHandlerMethodMapping.java:527)
Mapped "{[/search]}" onto public java.lang.String cn.e3mall.search.controller.SearchController.searchItemList(java.lang.String,java.lang.Integer,org.springframework.ui.Model) throws java.lang.Exception


[INFO ] 2018-03-07 02:11:59,796 method:org.springframework.web.servlet.mvc.method.annotation.RequestMappingHandlerAdapter.initControllerAdviceCache(RequestMappingHandlerAdapter.java:532)
Looking for @ControllerAdvice: WebApplicationContext for namespace 'e3-search-web-servlet': startup date [Wed Mar 07 02:11:56 CST 2018]; root of context hierarchy


[INFO ] 2018-03-07 02:11:59,908 method:org.springframework.web.servlet.mvc.method.annotation.RequestMappingHandlerAdapter.initControllerAdviceCache(RequestMappingHandlerAdapter.java:532)
Looking for @ControllerAdvice: WebApplicationContext for namespace 'e3-search-web-servlet': startup date [Wed Mar 07 02:11:56 CST 2018]; root of context hierarchy


[INFO ] 2018-03-07 02:12:00,107 method:org.springframework.web.servlet.FrameworkServlet.initServletBean(FrameworkServlet.java:508)
FrameworkServlet 'e3-search-web': initialization completed in 3862 ms


[INFO ] 2018-03-07 02:25:41,413 method:com.alibaba.dubbo.rpc.protocol.dubbo.DubboProtocol$1.disconnected(DubboProtocol.java:130)
 [DUBBO] disconected from /192.168.0.2:20882,url:dubbo://192.168.0.2:20882/cn.e3mall.search.service.SearchService?anyhost=true&application=e3-manager-web&check=false&codec=dubbo&dubbo=2.5.3&heartbeat=60000&interface=cn.e3mall.search.service.SearchService&methods=search&pid=36028&revision=0.0.1-SNAPSHOT&side=consumer&timeout=600000&timestamp=1520359917435, dubbo version: 2.5.3, current host: 192.168.0.2


[WARN ] 2018-03-07 02:25:43,884 method:com.alibaba.dubbo.remoting.transport.AbstractClient$1.run(AbstractClient.java:160)
 [DUBBO] client reconnect to 192.168.0.2:20882 find error . url: dubbo://192.168.0.2:20882/cn.e3mall.search.service.SearchService?anyhost=true&application=e3-manager-web&check=false&codec=dubbo&dubbo=2.5.3&heartbeat=60000&interface=cn.e3mall.search.service.SearchService&methods=search&pid=36028&revision=0.0.1-SNAPSHOT&side=consumer&timeout=600000&timestamp=1520359917435, dubbo version: 2.5.3, current host: 192.168.0.2
com.alibaba.dubbo.remoting.RemotingException: client(url: dubbo://192.168.0.2:20882/cn.e3mall.search.service.SearchService?anyhost=true&application=e3-manager-web&check=false&codec=dubbo&dubbo=2.5.3&heartbeat=60000&interface=cn.e3mall.search.service.SearchService&methods=search&pid=36028&revision=0.0.1-SNAPSHOT&side=consumer&timeout=600000&timestamp=1520359917435) failed to connect to server /192.168.0.2:20882, error message is:Connection refused: no further information: /192.168.0.2:20882
	at com.alibaba.dubbo.remoting.transport.netty.NettyClient.doConnect(NettyClient.java:124)
	at com.alibaba.dubbo.remoting.transport.AbstractClient.connect(AbstractClient.java:280)
	at com.alibaba.dubbo.remoting.transport.AbstractClient$1.run(AbstractClient.java:145)
	at java.util.concurrent.Executors$RunnableAdapter.call(Executors.java:511)
	at java.util.concurrent.FutureTask.runAndReset(FutureTask.java:308)
	at java.util.concurrent.ScheduledThreadPoolExecutor$ScheduledFutureTask.access$301(ScheduledThreadPoolExecutor.java:180)
	at java.util.concurrent.ScheduledThreadPoolExecutor$ScheduledFutureTask.run(ScheduledThreadPoolExecutor.java:294)
	at java.util.concurrent.ThreadPoolExecutor.runWorker(ThreadPoolExecutor.java:1149)
	at java.util.concurrent.ThreadPoolExecutor$Worker.run(ThreadPoolExecutor.java:624)
	at java.lang.Thread.run(Thread.java:748)
Caused by: java.net.ConnectException: Connection refused: no further information: /192.168.0.2:20882
	at sun.nio.ch.SocketChannelImpl.checkConnect(Native Method)
	at sun.nio.ch.SocketChannelImpl.finishConnect(SocketChannelImpl.java:717)
	at org.jboss.netty.channel.socket.nio.NioClientBoss.connect(NioClientBoss.java:150)
	at org.jboss.netty.channel.socket.nio.NioClientBoss.processSelectedKeys(NioClientBoss.java:105)
	at org.jboss.netty.channel.socket.nio.NioClientBoss.process(NioClientBoss.java:79)
	at org.jboss.netty.channel.socket.nio.AbstractNioSelector.run(AbstractNioSelector.java:312)
	at org.jboss.netty.channel.socket.nio.NioClientBoss.run(NioClientBoss.java:42)
	... 3 more


[INFO ] 2018-03-07 02:26:12,635 method:com.alibaba.dubbo.registry.support.AbstractRegistry.notify(AbstractRegistry.java:422)
 [DUBBO] Notify urls for subscribe url consumer://192.168.0.2/cn.e3mall.search.service.SearchService?application=e3-manager-web&category=providers,configurators,routers&dubbo=2.5.3&interface=cn.e3mall.search.service.SearchService&methods=search&pid=36028&revision=0.0.1-SNAPSHOT&side=consumer&timestamp=1520359917435, urls: [empty://192.168.0.2/cn.e3mall.search.service.SearchService?application=e3-manager-web&category=providers&dubbo=2.5.3&interface=cn.e3mall.search.service.SearchService&methods=search&pid=36028&revision=0.0.1-SNAPSHOT&side=consumer&timestamp=1520359917435], dubbo version: 2.5.3, current host: 192.168.0.2


[WARN ] 2018-03-07 02:35:11,139 method:org.apache.zookeeper.ClientCnxn$SendThread.run(ClientCnxn.java:1108)
Client session timed out, have not heard from server in 20000ms for sessionid 0x161fafab9260010


[INFO ] 2018-03-07 02:35:11,140 method:org.apache.zookeeper.ClientCnxn$SendThread.run(ClientCnxn.java:1156)
Client session timed out, have not heard from server in 20000ms for sessionid 0x161fafab9260010, closing socket connection and attempting reconnect


[INFO ] 2018-03-07 02:35:11,240 method:org.I0Itec.zkclient.ZkClient.processStateChanged(ZkClient.java:449)
zookeeper state changed (Disconnected)


[INFO ] 2018-03-07 02:35:13,095 method:org.apache.zookeeper.ClientCnxn$SendThread.logStartConnect(ClientCnxn.java:1032)
Opening socket connection to server 192.168.25.128/192.168.25.128:2181. Will not attempt to authenticate using SASL (unknown error)


[WARN ] 2018-03-07 02:35:34,111 method:org.apache.zookeeper.ClientCnxn$SendThread.run(ClientCnxn.java:1162)
Session 0x161fafab9260010 for server null, unexpected error, closing socket connection and attempting reconnect
java.net.ConnectException: Connection timed out: no further information
	at sun.nio.ch.SocketChannelImpl.checkConnect(Native Method)
	at sun.nio.ch.SocketChannelImpl.finishConnect(SocketChannelImpl.java:717)
	at org.apache.zookeeper.ClientCnxnSocketNIO.doTransport(ClientCnxnSocketNIO.java:361)
	at org.apache.zookeeper.ClientCnxn$SendThread.run(ClientCnxn.java:1141)


[INFO ] 2018-03-07 02:35:36,257 method:org.apache.zookeeper.ClientCnxn$SendThread.logStartConnect(ClientCnxn.java:1032)
Opening socket connection to server 192.168.25.128/192.168.25.128:2181. Will not attempt to authenticate using SASL (unknown error)


[WARN ] 2018-03-07 02:35:57,311 method:org.apache.zookeeper.ClientCnxn$SendThread.run(ClientCnxn.java:1162)
Session 0x161fafab9260010 for server null, unexpected error, closing socket connection and attempting reconnect
java.net.ConnectException: Connection timed out: no further information
	at sun.nio.ch.SocketChannelImpl.checkConnect(Native Method)
	at sun.nio.ch.SocketChannelImpl.finishConnect(SocketChannelImpl.java:717)
	at org.apache.zookeeper.ClientCnxnSocketNIO.doTransport(ClientCnxnSocketNIO.java:361)
	at org.apache.zookeeper.ClientCnxn$SendThread.run(ClientCnxn.java:1141)


[INFO ] 2018-03-07 02:35:58,790 method:org.apache.zookeeper.ClientCnxn$SendThread.logStartConnect(ClientCnxn.java:1032)
Opening socket connection to server 192.168.25.128/192.168.25.128:2181. Will not attempt to authenticate using SASL (unknown error)


[WARN ] 2018-03-07 02:36:19,811 method:org.apache.zookeeper.ClientCnxn$SendThread.run(ClientCnxn.java:1162)
Session 0x161fafab9260010 for server null, unexpected error, closing socket connection and attempting reconnect
java.net.ConnectException: Connection timed out: no further information
	at sun.nio.ch.SocketChannelImpl.checkConnect(Native Method)
	at sun.nio.ch.SocketChannelImpl.finishConnect(SocketChannelImpl.java:717)
	at org.apache.zookeeper.ClientCnxnSocketNIO.doTransport(ClientCnxnSocketNIO.java:361)
	at org.apache.zookeeper.ClientCnxn$SendThread.run(ClientCnxn.java:1141)


[INFO ] 2018-03-07 02:36:21,746 method:org.apache.zookeeper.ClientCnxn$SendThread.logStartConnect(ClientCnxn.java:1032)
Opening socket connection to server 192.168.25.128/192.168.25.128:2181. Will not attempt to authenticate using SASL (unknown error)


[WARN ] 2018-03-07 02:36:42,740 method:org.apache.zookeeper.ClientCnxn$SendThread.run(ClientCnxn.java:1162)
Session 0x161fafab9260010 for server null, unexpected error, closing socket connection and attempting reconnect
java.net.ConnectException: Connection timed out: no further information
	at sun.nio.ch.SocketChannelImpl.checkConnect(Native Method)
	at sun.nio.ch.SocketChannelImpl.finishConnect(SocketChannelImpl.java:717)
	at org.apache.zookeeper.ClientCnxnSocketNIO.doTransport(ClientCnxnSocketNIO.java:361)
	at org.apache.zookeeper.ClientCnxn$SendThread.run(ClientCnxn.java:1141)


[INFO ] 2018-03-07 02:36:44,101 method:org.apache.zookeeper.ClientCnxn$SendThread.logStartConnect(ClientCnxn.java:1032)
Opening socket connection to server 192.168.25.128/192.168.25.128:2181. Will not attempt to authenticate using SASL (unknown error)


[WARN ] 2018-03-07 02:37:05,141 method:org.apache.zookeeper.ClientCnxn$SendThread.run(ClientCnxn.java:1162)
Session 0x161fafab9260010 for server null, unexpected error, closing socket connection and attempting reconnect
java.net.ConnectException: Connection timed out: no further information
	at sun.nio.ch.SocketChannelImpl.checkConnect(Native Method)
	at sun.nio.ch.SocketChannelImpl.finishConnect(SocketChannelImpl.java:717)
	at org.apache.zookeeper.ClientCnxnSocketNIO.doTransport(ClientCnxnSocketNIO.java:361)
	at org.apache.zookeeper.ClientCnxn$SendThread.run(ClientCnxn.java:1141)


[INFO ] 2018-03-07 02:37:07,167 method:org.apache.zookeeper.ClientCnxn$SendThread.logStartConnect(ClientCnxn.java:1032)
Opening socket connection to server 192.168.25.128/192.168.25.128:2181. Will not attempt to authenticate using SASL (unknown error)


[WARN ] 2018-03-07 02:37:28,241 method:org.apache.zookeeper.ClientCnxn$SendThread.run(ClientCnxn.java:1162)
Session 0x161fafab9260010 for server null, unexpected error, closing socket connection and attempting reconnect
java.net.ConnectException: Connection timed out: no further information
	at sun.nio.ch.SocketChannelImpl.checkConnect(Native Method)
	at sun.nio.ch.SocketChannelImpl.finishConnect(SocketChannelImpl.java:717)
	at org.apache.zookeeper.ClientCnxnSocketNIO.doTransport(ClientCnxnSocketNIO.java:361)
	at org.apache.zookeeper.ClientCnxn$SendThread.run(ClientCnxn.java:1141)


[INFO ] 2018-03-07 02:37:29,605 method:org.apache.zookeeper.ClientCnxn$SendThread.logStartConnect(ClientCnxn.java:1032)
Opening socket connection to server 192.168.25.128/192.168.25.128:2181. Will not attempt to authenticate using SASL (unknown error)


[WARN ] 2018-03-07 02:37:50,610 method:org.apache.zookeeper.ClientCnxn$SendThread.run(ClientCnxn.java:1162)
Session 0x161fafab9260010 for server null, unexpected error, closing socket connection and attempting reconnect
java.net.ConnectException: Connection timed out: no further information
	at sun.nio.ch.SocketChannelImpl.checkConnect(Native Method)
	at sun.nio.ch.SocketChannelImpl.finishConnect(SocketChannelImpl.java:717)
	at org.apache.zookeeper.ClientCnxnSocketNIO.doTransport(ClientCnxnSocketNIO.java:361)
	at org.apache.zookeeper.ClientCnxn$SendThread.run(ClientCnxn.java:1141)


[INFO ] 2018-03-07 02:37:52,480 method:org.apache.zookeeper.ClientCnxn$SendThread.logStartConnect(ClientCnxn.java:1032)
Opening socket connection to server 192.168.25.128/192.168.25.128:2181. Will not attempt to authenticate using SASL (unknown error)


[WARN ] 2018-03-07 02:38:13,511 method:org.apache.zookeeper.ClientCnxn$SendThread.run(ClientCnxn.java:1162)
Session 0x161fafab9260010 for server null, unexpected error, closing socket connection and attempting reconnect
java.net.ConnectException: Connection timed out: no further information
	at sun.nio.ch.SocketChannelImpl.checkConnect(Native Method)
	at sun.nio.ch.SocketChannelImpl.finishConnect(SocketChannelImpl.java:717)
	at org.apache.zookeeper.ClientCnxnSocketNIO.doTransport(ClientCnxnSocketNIO.java:361)
	at org.apache.zookeeper.ClientCnxn$SendThread.run(ClientCnxn.java:1141)


[INFO ] 2018-03-07 02:38:15,429 method:org.apache.zookeeper.ClientCnxn$SendThread.logStartConnect(ClientCnxn.java:1032)
Opening socket connection to server 192.168.25.128/192.168.25.128:2181. Will not attempt to authenticate using SASL (unknown error)


[INFO ] 2018-03-07 17:30:49,106 method:org.springframework.web.servlet.FrameworkServlet.initServletBean(FrameworkServlet.java:489)
FrameworkServlet 'e3-search-web': initialization started


[INFO ] 2018-03-07 17:30:49,168 method:org.springframework.context.support.AbstractApplicationContext.prepareRefresh(AbstractApplicationContext.java:578)
Refreshing WebApplicationContext for namespace 'e3-search-web-servlet': startup date [Wed Mar 07 17:30:49 CST 2018]; root of context hierarchy


[INFO ] 2018-03-07 17:30:49,229 method:org.springframework.beans.factory.xml.XmlBeanDefinitionReader.loadBeanDefinitions(XmlBeanDefinitionReader.java:317)
Loading XML bean definitions from class path resource [spring/springmvc.xml]


[INFO ] 2018-03-07 17:30:49,726 method:
using logger: com.alibaba.dubbo.common.logger.log4j.Log4jLoggerAdapter


[INFO ] 2018-03-07 17:30:49,972 method:org.springframework.core.io.support.PropertiesLoaderSupport.loadProperties(PropertiesLoaderSupport.java:172)
Loading properties file from class path resource [conf/resource.properties]


[INFO ] 2018-03-07 17:30:49,980 method:org.springframework.beans.factory.annotation.AutowiredAnnotationBeanPostProcessor.<init>(AutowiredAnnotationBeanPostProcessor.java:153)
JSR-330 'javax.inject.Inject' annotation found and supported for autowiring


[INFO ] 2018-03-07 17:30:50,591 method:com.alibaba.dubbo.registry.support.AbstractRegistry.loadProperties(AbstractRegistry.java:232)
 [DUBBO] Load registry store file C:\Users\Administrator\.dubbo\dubbo-registry-192.168.25.128.cache, data: {cn.e3mall.content.service.ContentCategoryService=empty://192.168.0.2:20881/cn.e3mall.content.service.ContentCategoryService?anyhost=true&application=e3-manager&category=configurators&check=false&dubbo=2.5.3&interface=cn.e3mall.content.service.ContentCategoryService&methods=addContentCategory,deleteContentCategory,updateContentCategory,getContentCatList&pid=18164&side=provider&timestamp=1520414946008, cn.e3mall.content.service.ContentService=empty://192.168.0.2:20881/cn.e3mall.content.service.ContentService?anyhost=true&application=e3-manager&category=configurators&check=false&dubbo=2.5.3&interface=cn.e3mall.content.service.ContentService&methods=getContentListByCid,addContent&pid=18164&side=provider&timestamp=1520414947531, cn.e3mall.search.service.SearchItemService=empty://192.168.0.2:20882/cn.e3mall.search.service.SearchItemService?anyhost=true&application=e3-search&category=configurators&check=false&dubbo=2.5.3&interface=cn.e3mall.search.service.SearchItemService&methods=importAllItems&pid=17568&side=provider&timeout=600000&timestamp=1520414999607, cn.e3mall.service.ItemService=empty://192.168.0.2:20880/cn.e3mall.service.ItemService?anyhost=true&application=e3-manager&category=configurators&check=false&dubbo=2.5.3&interface=cn.e3mall.service.ItemService&methods=getItemList,addItem,updateTbItem,getTbItemDesc,getItemDesc,getItemById&pid=17796&side=provider&timestamp=1520414972450, cn.e3mall.service.ItemCatService=empty://192.168.0.2:20880/cn.e3mall.service.ItemCatService?anyhost=true&application=e3-manager&category=configurators&check=false&dubbo=2.5.3&interface=cn.e3mall.service.ItemCatService&methods=getCatList&pid=17796&side=provider&timestamp=1520414973275, cn.e3mall.search.service.SearchService=empty://192.168.0.2:20882/cn.e3mall.search.service.SearchService?anyhost=true&application=e3-search&category=configurators&check=false&dubbo=2.5.3&interface=cn.e3mall.search.service.SearchService&methods=search&pid=17568&side=provider&timeout=600000&timestamp=1520415000557}, dubbo version: 2.5.3, current host: 127.0.0.1


[INFO ] 2018-03-07 17:30:50,624 method:org.I0Itec.zkclient.ZkEventThread.run(ZkEventThread.java:64)
Starting ZkClient event thread.


[INFO ] 2018-03-07 17:30:50,673 method:org.apache.zookeeper.Environment.logEnv(Environment.java:100)
Client environment:zookeeper.version=3.4.7-1713338, built on 11/09/2015 04:32 GMT


[INFO ] 2018-03-07 17:30:50,673 method:org.apache.zookeeper.Environment.logEnv(Environment.java:100)
Client environment:host.name=gyu-PC


[INFO ] 2018-03-07 17:30:50,676 method:org.apache.zookeeper.Environment.logEnv(Environment.java:100)
Client environment:java.version=1.8.0_144


[INFO ] 2018-03-07 17:30:50,676 method:org.apache.zookeeper.Environment.logEnv(Environment.java:100)
Client environment:java.vendor=Oracle Corporation


[INFO ] 2018-03-07 17:30:50,680 method:org.apache.zookeeper.Environment.logEnv(Environment.java:100)
Client environment:java.home=G:\Program_Files\Java\jdk_1.8\jdk1.8.0_144\jre


[INFO ] 2018-03-07 17:30:50,680 method:org.apache.zookeeper.Environment.logEnv(Environment.java:100)
Client environment:java.class.path=G:\Program_Files\Idea\IntelliJ_IDEA_Community_Edition_2017.2.2\plugins\maven\lib\maven3\boot\plexus-classworlds-2.5.2.jar;G:\Program_Files\Idea\IntelliJ_IDEA_Community_Edition_2017.2.2\lib\idea_rt.jar


[INFO ] 2018-03-07 17:30:50,682 method:org.apache.zookeeper.Environment.logEnv(Environment.java:100)
Client environment:java.library.path=G:\Program_Files\Java\jdk_1.8\jdk1.8.0_144\bin;C:\Windows\Sun\Java\bin;C:\Windows\system32;C:\Windows;G:\Program_Files\Java\jdk_1.8\jdk1.8.0_144\bin;G:\Program_Files\Java\jdk_1.8\jdk1.8.0_144\jre\bin;C:\Windows\system32;C:\Windows;C:\Windows\System32\Wbem;C:\Windows\System32\WindowsPowerShell\v1.0\;C:\Program Files (x86)\NVIDIA Corporation\PhysX\Common;C:\Program Files (x86)\Common Files\Thunder Network\KanKan\Codecs;G:\Program_Files\apache-maven-3.3.9\bin;G:\Program_Files\MySql\mysql-5.5.59-winx64\bin;G:\Program_Files\Git\cmd;.


[INFO ] 2018-03-07 17:30:50,683 method:org.apache.zookeeper.Environment.logEnv(Environment.java:100)
Client environment:java.io.tmpdir=C:\Users\ADMINI~1\AppData\Local\Temp\


[INFO ] 2018-03-07 17:30:50,683 method:org.apache.zookeeper.Environment.logEnv(Environment.java:100)
Client environment:java.compiler=<NA>


[INFO ] 2018-03-07 17:30:50,684 method:org.apache.zookeeper.Environment.logEnv(Environment.java:100)
Client environment:os.name=Windows 7


[INFO ] 2018-03-07 17:30:50,685 method:org.apache.zookeeper.Environment.logEnv(Environment.java:100)
Client environment:os.arch=amd64


[INFO ] 2018-03-07 17:30:50,685 method:org.apache.zookeeper.Environment.logEnv(Environment.java:100)
Client environment:os.version=6.1


[INFO ] 2018-03-07 17:30:50,685 method:org.apache.zookeeper.Environment.logEnv(Environment.java:100)
Client environment:user.name=Administrator


[INFO ] 2018-03-07 17:30:50,685 method:org.apache.zookeeper.Environment.logEnv(Environment.java:100)
Client environment:user.home=C:\Users\Administrator


[INFO ] 2018-03-07 17:30:50,686 method:org.apache.zookeeper.Environment.logEnv(Environment.java:100)
Client environment:user.dir=G:\Projects\e3-Shopping\e3-search-web


[INFO ] 2018-03-07 17:30:50,688 method:org.apache.zookeeper.ZooKeeper.<init>(ZooKeeper.java:438)
Initiating client connection, connectString=192.168.25.128:2181 sessionTimeout=30000 watcher=org.I0Itec.zkclient.ZkClient@720da765


[INFO ] 2018-03-07 17:30:51,129 method:org.apache.zookeeper.ClientCnxn$SendThread.logStartConnect(ClientCnxn.java:1032)
Opening socket connection to server 192.168.25.128/192.168.25.128:2181. Will not attempt to authenticate using SASL (unknown error)


[INFO ] 2018-03-07 17:30:51,134 method:org.apache.zookeeper.ClientCnxn$SendThread.primeConnection(ClientCnxn.java:876)
Socket connection established to 192.168.25.128/192.168.25.128:2181, initiating session


[INFO ] 2018-03-07 17:30:51,147 method:org.apache.zookeeper.ClientCnxn$SendThread.onConnected(ClientCnxn.java:1299)
Session establishment complete on server 192.168.25.128/192.168.25.128:2181, sessionid = 0x16200f4038d0003, negotiated timeout = 30000


[INFO ] 2018-03-07 17:30:51,150 method:org.I0Itec.zkclient.ZkClient.processStateChanged(ZkClient.java:449)
zookeeper state changed (SyncConnected)


[INFO ] 2018-03-07 17:30:51,193 method:com.alibaba.dubbo.registry.support.AbstractRegistry.register(AbstractRegistry.java:302)
 [DUBBO] Register: consumer://192.168.0.2/cn.e3mall.search.service.SearchService?application=e3-manager-web&category=consumers&check=false&dubbo=2.5.3&interface=cn.e3mall.search.service.SearchService&methods=search&pid=16864&revision=0.0.1-SNAPSHOT&side=consumer&timestamp=1520415050463, dubbo version: 2.5.3, current host: 192.168.0.2


[INFO ] 2018-03-07 17:30:51,229 method:com.alibaba.dubbo.registry.support.AbstractRegistry.subscribe(AbstractRegistry.java:325)
 [DUBBO] Subscribe: consumer://192.168.0.2/cn.e3mall.search.service.SearchService?application=e3-manager-web&category=providers,configurators,routers&dubbo=2.5.3&interface=cn.e3mall.search.service.SearchService&methods=search&pid=16864&revision=0.0.1-SNAPSHOT&side=consumer&timestamp=1520415050463, dubbo version: 2.5.3, current host: 192.168.0.2


[INFO ] 2018-03-07 17:30:51,284 method:com.alibaba.dubbo.registry.support.AbstractRegistry.notify(AbstractRegistry.java:422)
 [DUBBO] Notify urls for subscribe url consumer://192.168.0.2/cn.e3mall.search.service.SearchService?application=e3-manager-web&category=providers,configurators,routers&dubbo=2.5.3&interface=cn.e3mall.search.service.SearchService&methods=search&pid=16864&revision=0.0.1-SNAPSHOT&side=consumer&timestamp=1520415050463, urls: [dubbo://192.168.0.2:20882/cn.e3mall.search.service.SearchService?anyhost=true&application=e3-search&dubbo=2.5.3&interface=cn.e3mall.search.service.SearchService&methods=search&pid=17568&side=provider&timeout=600000&timestamp=1520415000557, empty://192.168.0.2/cn.e3mall.search.service.SearchService?application=e3-manager-web&category=configurators&dubbo=2.5.3&interface=cn.e3mall.search.service.SearchService&methods=search&pid=16864&revision=0.0.1-SNAPSHOT&side=consumer&timestamp=1520415050463, empty://192.168.0.2/cn.e3mall.search.service.SearchService?application=e3-manager-web&category=routers&dubbo=2.5.3&interface=cn.e3mall.search.service.SearchService&methods=search&pid=16864&revision=0.0.1-SNAPSHOT&side=consumer&timestamp=1520415050463], dubbo version: 2.5.3, current host: 192.168.0.2


[INFO ] 2018-03-07 17:30:51,626 method:com.alibaba.dubbo.remoting.transport.AbstractClient.connect(AbstractClient.java:287)
 [DUBBO] Successed connect to server /192.168.0.2:20882 from NettyClient 192.168.0.2 using dubbo version 2.5.3, channel is NettyChannel [channel=[id: 0x336a115f, /192.168.0.2:53921 => /192.168.0.2:20882]], dubbo version: 2.5.3, current host: 192.168.0.2


[INFO ] 2018-03-07 17:30:51,627 method:com.alibaba.dubbo.remoting.transport.AbstractClient.<init>(AbstractClient.java:105)
 [DUBBO] Start NettyClient gyu-PC/192.168.0.2 connect to the server /192.168.0.2:20882, dubbo version: 2.5.3, current host: 192.168.0.2


[INFO ] 2018-03-07 17:30:51,744 method:com.alibaba.dubbo.config.ReferenceConfig.createProxy(ReferenceConfig.java:423)
 [DUBBO] Refer dubbo service cn.e3mall.search.service.SearchService from url zookeeper://192.168.25.128:2181/com.alibaba.dubbo.registry.RegistryService?anyhost=true&application=e3-manager-web&check=false&dubbo=2.5.3&interface=cn.e3mall.search.service.SearchService&methods=search&pid=16864&revision=0.0.1-SNAPSHOT&side=consumer&timeout=600000&timestamp=1520415050463, dubbo version: 2.5.3, current host: 192.168.0.2


[INFO ] 2018-03-07 17:30:52,219 method:org.springframework.web.servlet.handler.AbstractHandlerMethodMapping$MappingRegistry.register(AbstractHandlerMethodMapping.java:527)
Mapped "{[/search]}" onto public java.lang.String cn.e3mall.search.controller.SearchController.searchItemList(java.lang.String,java.lang.Integer,org.springframework.ui.Model) throws java.lang.Exception


[INFO ] 2018-03-07 17:30:52,997 method:org.springframework.web.servlet.mvc.method.annotation.RequestMappingHandlerAdapter.initControllerAdviceCache(RequestMappingHandlerAdapter.java:532)
Looking for @ControllerAdvice: WebApplicationContext for namespace 'e3-search-web-servlet': startup date [Wed Mar 07 17:30:49 CST 2018]; root of context hierarchy


[INFO ] 2018-03-07 17:30:53,102 method:org.springframework.web.servlet.mvc.method.annotation.RequestMappingHandlerAdapter.initControllerAdviceCache(RequestMappingHandlerAdapter.java:532)
Looking for @ControllerAdvice: WebApplicationContext for namespace 'e3-search-web-servlet': startup date [Wed Mar 07 17:30:49 CST 2018]; root of context hierarchy


[INFO ] 2018-03-07 17:30:53,308 method:org.springframework.web.servlet.FrameworkServlet.initServletBean(FrameworkServlet.java:508)
FrameworkServlet 'e3-search-web': initialization completed in 4174 ms
